  Block.cpp
  Board.cpp
  Border.cpp
  Game.cpp
  Pengo.cpp
C:\Users\lukam\Desktop\Pengo\Pengo\Pengo.cpp(2,10): warning C4067: unexpected tokens following preprocessor directive - expected a newline
  RgbImage.cpp
  LoadTexture.cpp
  Generating Code...
Game.obj : error LNK2019: unresolved external symbol __imp___glutInitWithExit referenced in function glutInit_ATEXIT_HACK
Game.obj : error LNK2019: unresolved external symbol __imp_glutInitDisplayMode referenced in function main
Game.obj : error LNK2019: unresolved external symbol __imp_glutInitWindowPosition referenced in function main
Game.obj : error LNK2019: unresolved external symbol __imp_glutInitWindowSize referenced in function main
Game.obj : error LNK2019: unresolved external symbol __imp_glutMainLoop referenced in function main
Game.obj : error LNK2019: unresolved external symbol __imp___glutCreateWindowWithExit referenced in function glutCreateWindow_ATEXIT_HACK
Game.obj : error LNK2019: unresolved external symbol __imp_glutPostRedisplay referenced in function "void __cdecl drawScene(void)" (?drawScene@@YAXXZ)
Game.obj : error LNK2019: unresolved external symbol __imp_glutSwapBuffers referenced in function "void __cdecl drawScene(void)" (?drawScene@@YAXXZ)
Game.obj : error LNK2019: unresolved external symbol __imp_glutDisplayFunc referenced in function main
Game.obj : error LNK2019: unresolved external symbol __imp_glutReshapeFunc referenced in function main
Game.obj : error LNK2019: unresolved external symbol __imp_glutKeyboardFunc referenced in function main
Game.obj : error LNK2019: unresolved external symbol __imp_glutTimerFunc referenced in function "void __cdecl movePengo(int)" (?movePengo@@YAXH@Z)
Game.obj : error LNK2019: unresolved external symbol __imp_glutSpecialFunc referenced in function main
glut32.lib : warning LNK4272: library machine type 'x86' conflicts with target machine type 'x64'
C:\Users\lukam\Desktop\Pengo\x64\Debug\Pengo.exe : fatal error LNK1120: 13 unresolved externals
